Determining if the pthread_create exist failed with the following output:
Change Dir: /home/abhibhagwat/catkin_auefinals/build/CMakeFiles/CMakeTmp

Run Build Command:"/usr/bin/make" "cmTC_041d4/fast"
/usr/bin/make -f CMakeFiles/cmTC_041d4.dir/build.make CMakeFiles/cmTC_041d4.dir/build
make[1]: Entering directory '/home/abhibhagwat/catkin_auefinals/build/CMakeFiles/CMakeTmp'
Building C object CMakeFiles/cmTC_041d4.dir/CheckSymbolExists.c.o
/usr/bin/cc     -o CMakeFiles/cmTC_041d4.dir/CheckSymbolExists.c.o   -c /home/abhibhagwat/catkin_auefinals/build/CMakeFiles/CMakeTmp/CheckSymbolExists.c
Linking C executable cmTC_041d4
/usr/bin/cmake -E cmake_link_script CMakeFiles/cmTC_041d4.dir/link.txt --verbose=1
/usr/bin/cc       CMakeFiles/cmTC_041d4.dir/CheckSymbolExists.c.o  -o cmTC_041d4 -rdynamic 
CMakeFiles/cmTC_041d4.dir/CheckSymbolExists.c.o: In function `main':
CheckSymbolExists.c:(.text+0x16): undefined reference to `pthread_create'
collect2: error: ld returned 1 exit status
CMakeFiles/cmTC_041d4.dir/build.make:97: recipe for target 'cmTC_041d4' failed
make[1]: *** [cmTC_041d4] Error 1
make[1]: Leaving directory '/home/abhibhagwat/catkin_auefinals/build/CMakeFiles/CMakeTmp'
Makefile:126: recipe for target 'cmTC_041d4/fast' failed
make: *** [cmTC_041d4/fast] Error 2

File /home/abhibhagwat/catkin_auefinals/build/CMakeFiles/CMakeTmp/CheckSymbolExists.c:
/* */
#include <pthread.h>

int main(int argc, char** argv)
{
  (void)argv;
#ifndef pthread_create
  return ((int*)(&pthread_create))[argc];
#else
  (void)argc;
  return 0;
#endif
}

Determining if the function pthread_create exists in the pthreads failed with the following output:
Change Dir: /home/abhibhagwat/catkin_auefinals/build/CMakeFiles/CMakeTmp

Run Build Command:"/usr/bin/make" "cmTC_bc4dc/fast"
/usr/bin/make -f CMakeFiles/cmTC_bc4dc.dir/build.make CMakeFiles/cmTC_bc4dc.dir/build
make[1]: Entering directory '/home/abhibhagwat/catkin_auefinals/build/CMakeFiles/CMakeTmp'
Building C object CMakeFiles/cmTC_bc4dc.dir/CheckFunctionExists.c.o
/usr/bin/cc    -DCHECK_FUNCTION_EXISTS=pthread_create   -o CMakeFiles/cmTC_bc4dc.dir/CheckFunctionExists.c.o   -c /usr/share/cmake-3.5/Modules/CheckFunctionExists.c
Linking C executable cmTC_bc4dc
/usr/bin/cmake -E cmake_link_script CMakeFiles/cmTC_bc4dc.dir/link.txt --verbose=1
/usr/bin/cc   -DCHECK_FUNCTION_EXISTS=pthread_create    CMakeFiles/cmTC_bc4dc.dir/CheckFunctionExists.c.o  -o cmTC_bc4dc -rdynamic -lpthreads 
/usr/bin/ld: cannot find -lpthreads
collect2: error: ld returned 1 exit status
CMakeFiles/cmTC_bc4dc.dir/build.make:97: recipe for target 'cmTC_bc4dc' failed
make[1]: *** [cmTC_bc4dc] Error 1
make[1]: Leaving directory '/home/abhibhagwat/catkin_auefinals/build/CMakeFiles/CMakeTmp'
Makefile:126: recipe for target 'cmTC_bc4dc/fast' failed
make: *** [cmTC_bc4dc/fast] Error 2


